<?xml version="1.0" encoding="UTF-8"?>
<testng-results skipped="0" failed="0" ignored="0" total="1" passed="1">
  <reporter-output>
  </reporter-output>
  <suite name="Suite" duration-ms="1758" started-at="2022-09-12T11:56:03 UTC" finished-at="2022-09-12T11:56:05 UTC">
    <groups>
    </groups>
    <test name="Test" duration-ms="1758" started-at="2022-09-12T11:56:03 UTC" finished-at="2022-09-12T11:56:05 UTC">
      <class name="testcases.SwablabsLoginTest">
        <test-method status="PASS" signature="SetUp()[pri:0, instance:testcases.SwablabsLoginTest@3d921e20]" name="SetUp" is-config="true" duration-ms="1225" started-at="2022-09-12T11:56:03 UTC" finished-at="2022-09-12T11:56:04 UTC">
          <reporter-output>
          </reporter-output>
        </test-method> <!-- SetUp -->
        <test-method status="PASS" signature="Test1()[pri:0, instance:testcases.SwablabsLoginTest@3d921e20]" name="Test1" duration-ms="384" started-at="2022-09-12T11:56:04 UTC" finished-at="2022-09-12T11:56:05 UTC">
          <reporter-output>
          </reporter-output>
        </test-method> <!-- Test1 -->
        <test-method status="PASS" signature="TearDown()[pri:0, instance:testcases.SwablabsLoginTest@3d921e20]" name="TearDown" is-config="true" duration-ms="113" started-at="2022-09-12T11:56:05 UTC" finished-at="2022-09-12T11:56:05 UTC">
          <reporter-output>
          </reporter-output>
        </test-method> <!-- TearDown -->
      </class> <!-- testcases.SwablabsLoginTest -->
    </test> <!-- Test -->
  </suite> <!-- Suite -->
</testng-results>
